----------------------------------------
Checking for header sadlib.h
==>
#include <sadlib.h>

int main(int argc, char **argv) {
	(void)argc; (void)argv;
	return 0;
}

<==
[1/2] Compiling [32mbuild/.conf_check_02444052bd1325f127bfd6f5eee7eb3d/test.cpp[0m

['/usr/bin/g++-5', '-DHAVE_STDIO_H=1', '../test.cpp', '-c', '-o', '/home/soodv/work/FunctionalXpp/build/.conf_check_02444052bd1325f127bfd6f5eee7eb3d/testbuild/test.cpp.1.o']
err: ../test.cpp:1:20: fatal error: sadlib.h: No such file or directory
compilation terminated.

from /home/soodv/work/FunctionalXpp/test: Test does not build: Traceback (most recent call last):
  File "/home/soodv/lib/waf-1.8.20/.waf-1.8.20-c0326aeee768380a3e4c0e910a17aac1/waflib/Configure.py", line 335, in run_build
    bld.compile()
  File "/home/soodv/lib/waf-1.8.20/.waf-1.8.20-c0326aeee768380a3e4c0e910a17aac1/waflib/Build.py", line 185, in compile
    raise Errors.BuildError(self.producer.error)
BuildError: Build failed
 -> task in 'testprog' failed (exit status 1): 
	{task 140311516042768: cxx test.cpp -> test.cpp.1.o}
['/usr/bin/g++-5', '-DHAVE_STDIO_H=1', '../test.cpp', '-c', '-o', '/home/soodv/work/FunctionalXpp/build/.conf_check_02444052bd1325f127bfd6f5eee7eb3d/testbuild/test.cpp.1.o']

not found
from /home/soodv/work/FunctionalXpp/test: The configuration failed
